
file /usr/lib/scons/SCons/Environment.py,line 1019:
	Configure( confdir = .sconf_temp )

.sconf_temp/conftest_0.c <- 
  |#include <stdio.h>
  |
gcc -g -Wall -I. -I/usr/X11R6/include -c -o .sconf_temp/conftest_0.o .sconf_temp/conftest_0.c
.sconf_temp/conftest_1.c <- 
  |#include <stdio.h>
  |#include <unistd.h>
  |
gcc -g -Wall -I. -I/usr/X11R6/include -c -o .sconf_temp/conftest_1.o .sconf_temp/conftest_1.c
.sconf_temp/conftest_2.c <- 
  |#include <stdio.h>
  |#include <unistd.h>
  |#include <sys/wait.h>
  |
gcc -g -Wall -I. -I/usr/X11R6/include -c -o .sconf_temp/conftest_2.o .sconf_temp/conftest_2.c
.sconf_temp/conftest_3.c <- 
  |#include <stdio.h>
  |#include <unistd.h>
  |#include <sys/wait.h>
  |#include <signal.h>
  |
gcc -g -Wall -I. -I/usr/X11R6/include -c -o .sconf_temp/conftest_3.o .sconf_temp/conftest_3.c
.sconf_temp/conftest_4.c <- 
  |#include <stdio.h>
  |#include <unistd.h>
  |#include <sys/wait.h>
  |#include <signal.h>
  |#include <stdlib.h>
  |
gcc -g -Wall -I. -I/usr/X11R6/include -c -o .sconf_temp/conftest_4.o .sconf_temp/conftest_4.c
Checking for C header file X11/extensions/shape.h... .sconf_temp/conftest_5.c <- 
  |
  |#include "X11/extensions/shape.h"
  |
  |
gcc -g -Wall -I. -I/usr/X11R6/include -c -o .sconf_temp/conftest_5.o .sconf_temp/conftest_5.c
yes
Checking for C function setenv()... .sconf_temp/conftest_6.c <- 
  |
  |            
  |            #include <assert.h>
  |            
  |                #ifdef __cplusplus
  |                extern "C"
  |                #endif
  |                char setenv();
  |
  |            int main() {
  |                    #if defined (__stub_setenv) || defined (__stub___setenv)
  |                    fail fail fail
  |                    #else
  |                    setenv();
  |                    #endif
  |
  |                    return 0;
  |                }
  |
  |
gcc -g -Wall -I. -I/usr/X11R6/include -c -o .sconf_temp/conftest_6.o .sconf_temp/conftest_6.c
gcc -o .sconf_temp/conftest_6 .sconf_temp/conftest_6.o -Ldispatch -Laction -L/usr/local/lib -L/usr/X11R6/lib
yes
Checking for main() in C library X11... .sconf_temp/conftest_7.c <- 
  |
  |            
  |             
  |            int
  |            main() {
  |            main();
  |            return 0;
  |            }
  |            
  |
  |
gcc -g -Wall -I. -I/usr/X11R6/include -c -o .sconf_temp/conftest_7.o .sconf_temp/conftest_7.c
gcc -o .sconf_temp/conftest_7 .sconf_temp/conftest_7.o -Ldispatch -Laction -L/usr/local/lib -L/usr/X11R6/lib -lX11
yes
Checking for main() in C library Xext... .sconf_temp/conftest_8.c <- 
  |
  |            
  |             
  |            int
  |            main() {
  |            main();
  |            return 0;
  |            }
  |            
  |
  |
gcc -g -Wall -I. -I/usr/X11R6/include -c -o .sconf_temp/conftest_8.o .sconf_temp/conftest_8.c
gcc -o .sconf_temp/conftest_8 .sconf_temp/conftest_8.o -Ldispatch -Laction -L/usr/local/lib -L/usr/X11R6/lib -lX11 -lXext
yes
.sconf_temp/conftest_9.cpp <- 
  |
  |#include <sigc++/sigc++.h>
  |int main() {}
  |
g++ -g -Wall -I. -I/usr/X11R6/include -c -o .sconf_temp/conftest_9.o .sconf_temp/conftest_9.cpp
.sconf_temp/conftest_9.cpp:2:27: sigc++/sigc++.h: No such file or directory
scons: *** [.sconf_temp/conftest_9.o] Error 1
