This file contains any messages produced by compilers while
running configure, to aid debugging if configure makes a mistake.

configure:565: checking host system type
configure:622: checking for a BSD compatible install
configure:675: checking whether build environment is sane
configure:732: checking whether make sets ${MAKE}
configure:778: checking for working aclocal-1.4
configure:791: checking for working autoconf
configure:804: checking for working automake-1.4
configure:817: checking for working autoheader
configure:830: checking for working makeinfo
configure:848: checking whether to enable maintainer-specific portions of Makefiles
configure:874: checking for gcc
configure:987: checking whether the C compiler (gcc  ) works
configure:1003: gcc -o conftest    conftest.c  1>&5
configure:1029: checking whether the C compiler (gcc  ) is a cross-compiler
configure:1034: checking whether we are using GNU C
configure:1062: checking whether gcc accepts -g
configure:1094: checking how to run the C preprocessor
configure:1178: checking for c++
configure:1210: checking whether the C++ compiler (g++  ) works
configure:1226: g++ -o conftest    conftest.C  1>&5
configure:1252: checking whether the C++ compiler (g++  ) is a cross-compiler
configure:1257: checking whether we are using GNU C++
configure:1285: checking whether g++ accepts -g
configure:1317: checking for ANSI C header files
configure:1426: checking for X
configure:1740: checking for dnet_ntoa in -ldnet
configure:1781: checking for dnet_ntoa in -ldnet_stub
configure:1829: checking for gethostbyname
configure:1927: checking for connect
configure:2019: checking for remove
configure:2111: checking for shmat
configure:2212: checking for IceConnectionNumber in -lICE
configure:2261: checking for sed
configure:2297: checking for perl
configure:2356: checking for zenity
configure:2486: checking how to run the C++ preprocessor
configure:2532: checking for ctype.h
configure:2532: checking for libgen.h
configure:2532: checking for signal.h
configure:2532: checking for stdio.h
configure:2532: checking for time.h
configure:2532: checking for unistd.h
configure:2532: checking for sys/select.h
configure:2532: checking for sys/signal.h
configure:2532: checking for sys/stat.h
configure:2532: checking for sys/time.h
configure:2532: checking for sys/types.h
configure:2532: checking for sys/wait.h
configure:2532: checking for regex.h
configure:2532: checking for errno.h
configure:2532: checking for limits.h
configure:2532: checking for fcntl.h
configure:2532: checking for math.h
configure:2572: checking for strftime
configure:2653: checking for ld used by GCC
configure:2721: checking if the linker (/usr/i686-pc-linux-gnu/bin/ld) is GNU ld
configure:2755: checking for shared library run path origin
configure:3199: checking for iconv
configure:3274: checking for iconv declaration
configure:3324: checking ICONV_CFLAGS
configure:3327: checking ICONV_LIBS
configure:3334: checking for nl_langinfo (CODESET)
configure:3343: g++ -c -g -O2   -I/usr/X11R6/include conftest.C 1>&5
configure:3360: checking for setlocale in -lxpg4
configure:3405: checking LOCALE_LIBS
configure:3471: checking for expat.h
configure:3564: checking for XML_SetDoctypeDeclHandler
configure:3648: checking EXPAT_CFLAGS
configure:3651: checking EXPAT_LIBS
configure:3662: checking for pkg-config
configure:3706: checking for cairo >= 0.1.23
configure:3713: checking CAIRO_CFLAGS
configure:3718: checking CAIRO_LIBS
configure:3752: checking whether to include debug code
configure:3778: checking whether to include threading support
configure:4039: checking whether to build support for the SHAPE extension
configure:4051: checking for XShapeCombineShape in -lXext
configure:4107: checking whether to build support for the XINERAMA extension
configure:4119: checking for XineramaQueryScreens in -lXinerama
configure:4167: checking XINERAMA_LIBS
configure:4182: checking whether to build support for the RANDR extension
configure:4194: checking for XRRSelectInput in -lXrandr
configure:4242: checking RANDR_LIBS
configure:4263: checking whether to include png image support
configure:4325: checking for libpng
configure:4332: checking LIBPNG_CFLAGS
configure:4337: checking LIBPNG_LIBS
configure:4520: checking whether to include svg support
configure:4582: checking for libsvg-cairo >= 0.1.0
configure:4589: checking LIBSVG_CAIRO_CFLAGS
configure:4594: checking LIBSVG_CAIRO_LIBS
configure:4631: checking whether to include xcursor support
configure:4693: checking for xcursor >= 1.0
configure:4700: checking XCURSOR_CFLAGS
configure:4705: checking XCURSOR_LIBS
